\BOOKMARK [1][-]{section.1}{Modeling the RF propagation Using Matlab}{}% 1
\BOOKMARK [2][-]{subsection.1.1}{Relationship between Free Space Path Loss and Frequency}{section.1}% 2
\BOOKMARK [2][-]{subsection.1.2}{Rain attenuation, Fog attenuation and Atmospheric gas attenuation with Frequency}{section.1}% 3
\BOOKMARK [3][-]{subsubsection.1.2.1}{Rain attenuation - Recommendation ITU-R P.838-3, 2005rain}{subsection.1.2}% 4
\BOOKMARK [3][-]{subsubsection.1.2.2}{Fog attenuation - Recommendation ITU-R P.840-3, 2013fog}{subsection.1.2}% 5
\BOOKMARK [3][-]{subsubsection.1.2.3}{Atmospheric gas attenuation - Recommendation ITU-R P.676-10, 2013gas}{subsection.1.2}% 6
\BOOKMARK [2][-]{subsection.1.3}{Total Path Loss with Frequency}{section.1}% 7
\BOOKMARK [2][-]{subsection.1.4}{Variation of the Signal Power with the Distance}{section.1}% 8
\BOOKMARK [2][-]{subsection.1.5}{Transmitting a voice signal over a noisy channel using the above Transmission frequency and the Propagation model.}{section.1}% 9
\BOOKMARK [3][-]{subsubsection.1.5.1}{Logic and Assumptions Used to implement the Propagation Model}{subsection.1.5}% 10
\BOOKMARK [3][-]{subsubsection.1.5.2}{RF Propagation Model - Simulink}{subsection.1.5}% 11
\BOOKMARK [2][-]{subsection.1.6}{Codes for Task 1}{section.1}% 12
\BOOKMARK [1][-]{section.2}{Implementing a Simplified Version of the Dynamic Source Routing\(DSR\) Protocol in Ad Hoc Wireless Networks}{}% 13
\BOOKMARK [2][-]{subsection.2.1}{Simulation of a MANET with 6 nodes}{section.2}% 14
\BOOKMARK [3][-]{subsubsection.2.1.1}{Codes for Task 2}{subsection.2.1}% 15
\BOOKMARK [3][-]{subsubsection.2.1.2}{Terminal Output of the Simulation}{subsection.2.1}% 16
\BOOKMARK [3][-]{subsubsection.2.1.3}{Visualizer Outputs}{subsection.2.1}% 17
\BOOKMARK [2][-]{subsection.2.2}{Improving the Efficiency of Protocol by further Exploiting the Route Cache}{section.2}% 18
\BOOKMARK [3][-]{subsubsection.2.2.1}{Derestricting route format}{subsection.2.2}% 19
\BOOKMARK [3][-]{subsubsection.2.2.2}{Intermediate nodes resolving a route request using their route caches}{subsection.2.2}% 20
\BOOKMARK [2][-]{subsection.2.3}{Handling Disconnections During Transmission}{section.2}% 21
\BOOKMARK [2][-]{subsection.2.4}{Differences between DSR protocol and Distance Vector Routing protocol}{section.2}% 22
\BOOKMARK [1][-]{section*.2}{Bibliography}{}% 23
